Build started 2/25/2016 3:52:41 PM.
     1>Project "E:\C++\cbhw9.2\cbhw9.2\cbhw9.2.vcxproj" on node 2 (build target(s)).
     1>InitializeBuildStatus:
         Creating "Debug\cbhw9.2.unsuccessfulbuild" because "AlwaysCreate" was specified.
       ClCompile:
         C:\Program Files (x86)\Microsoft Visual Studio 10.0\VC\bin\CL.exe /c /ZI /nologo /W3 /WX- /Od /Oy- /D _MBCS /Gm /EHsc /RTC1 /MDd /GS /fp:precise /Zc:wchar_t /Zc:forScope /Fo"Debug\\" /Fd"Debug\vc100.pdb" /Gd /TP /analyze- /errorReport:prompt cbhw.cpp
         cbhw.cpp
     1>e:\c++\cbhw9.2\cbhw9.2\cbhw.cpp(13): error C2146: syntax error : missing ';' before identifier 'd'
     1>e:\c++\cbhw9.2\cbhw9.2\cbhw.cpp(14): error C2146: syntax error : missing ';' before identifier 'cout'
     1>e:\c++\cbhw9.2\cbhw9.2\cbhw.cpp(15): error C2784: 'std::basic_ostream<_Elem,_Traits> &std::operator <<(std::basic_ostream<_Elem,_Traits> &,const std::error_code &)' : could not deduce template argument for 'std::basic_ostream<_Elem,_Traits> &' from 'std::istream'
                 c:\program files (x86)\microsoft visual studio 10.0\vc\include\ostream(1085) : see declaration of 'std::operator <<'
     1>e:\c++\cbhw9.2\cbhw9.2\cbhw.cpp(15): error C2784: 'std::basic_ostream<_Elem,_Traits> &std::operator <<(std::basic_ostream<_Elem,_Traits> &,const std::error_code &)' : could not deduce template argument for 'std::basic_ostream<_Elem,_Traits> &' from 'std::istream'
                 c:\program files (x86)\microsoft visual studio 10.0\vc\include\ostream(1085) : see declaration of 'std::operator <<'
     1>e:\c++\cbhw9.2\cbhw9.2\cbhw.cpp(15): error C2784: 'std::basic_ostream<_Elem,_Traits> &std::operator <<(std::basic_ostream<_Elem,_Traits> &,const std::error_code &)' : could not deduce template argument for 'std::basic_ostream<_Elem,_Traits> &' from 'std::istream'
                 c:\program files (x86)\microsoft visual studio 10.0\vc\include\ostream(1085) : see declaration of 'std::operator <<'
     1>e:\c++\cbhw9.2\cbhw9.2\cbhw.cpp(15): error C2784: 'std::basic_ostream<_Elem,_Traits> &std::operator <<(std::basic_ostream<_Elem,_Traits> &,const std::error_code &)' : could not deduce template argument for 'std::basic_ostream<_Elem,_Traits> &' from 'std::istream'
                 c:\program files (x86)\microsoft visual studio 10.0\vc\include\ostream(1085) : see declaration of 'std::operator <<'
     1>e:\c++\cbhw9.2\cbhw9.2\cbhw.cpp(15): error C2784: 'std::basic_ostream<_Elem,_Traits> &std::operator <<(std::basic_ostream<_Elem,_Traits> &&,_Ty)' : could not deduce template argument for 'std::basic_ostream<_Elem,_Traits> &&' from 'std::istream'
                 c:\program files (x86)\microsoft visual studio 10.0\vc\include\ostream(968) : see declaration of 'std::operator <<'
     1>e:\c++\cbhw9.2\cbhw9.2\cbhw.cpp(15): error C2784: 'std::basic_ostream<_Elem,_Traits> &std::operator <<(std::basic_ostream<_Elem,_Traits> &&,_Ty)' : could not deduce template argument for 'std::basic_ostream<_Elem,_Traits> &&' from 'std::istream'
                 c:\program files (x86)\microsoft visual studio 10.0\vc\include\ostream(968) : see declaration of 'std::operator <<'
     1>e:\c++\cbhw9.2\cbhw9.2\cbhw.cpp(15): error C2784: 'std::basic_ostream<_Elem,_Traits> &std::operator <<(std::basic_ostream<_Elem,_Traits> &&,_Ty)' : could not deduce template argument for 'std::basic_ostream<_Elem,_Traits> &&' from 'std::istream'
                 c:\program files (x86)\microsoft visual studio 10.0\vc\include\ostream(968) : see declaration of 'std::operator <<'
     1>e:\c++\cbhw9.2\cbhw9.2\cbhw.cpp(15): error C2784: 'std::basic_ostream<_Elem,_Traits> &std::operator <<(std::basic_ostream<_Elem,_Traits> &&,_Ty)' : could not deduce template argument for 'std::basic_ostream<_Elem,_Traits> &&' from 'std::istream'
                 c:\program files (x86)\microsoft visual studio 10.0\vc\include\ostream(968) : see declaration of 'std::operator <<'
     1>e:\c++\cbhw9.2\cbhw9.2\cbhw.cpp(15): error C2784: 'std::basic_ostream<char,_Traits> &std::operator <<(std::basic_ostream<char,_Traits> &,unsigned char)' : could not deduce template argument for 'std::basic_ostream<char,_Traits> &' from 'std::istream'
                 c:\program files (x86)\microsoft visual studio 10.0\vc\include\ostream(958) : see declaration of 'std::operator <<'
     1>e:\c++\cbhw9.2\cbhw9.2\cbhw.cpp(15): error C2784: 'std::basic_ostream<char,_Traits> &std::operator <<(std::basic_ostream<char,_Traits> &,unsigned char)' : could not deduce template argument for 'std::basic_ostream<char,_Traits> &' from 'std::istream'
                 c:\program files (x86)\microsoft visual studio 10.0\vc\include\ostream(958) : see declaration of 'std::operator <<'
     1>e:\c++\cbhw9.2\cbhw9.2\cbhw.cpp(15): error C2784: 'std::basic_ostream<char,_Traits> &std::operator <<(std::basic_ostream<char,_Traits> &,unsigned char)' : could not deduce template argument for 'std::basic_ostream<char,_Traits> &' from 'std::istream'
                 c:\program files (x86)\microsoft visual studio 10.0\vc\include\ostream(958) : see declaration of 'std::operator <<'
     1>e:\c++\cbhw9.2\cbhw9.2\cbhw.cpp(15): error C2784: 'std::basic_ostream<char,_Traits> &std::operator <<(std::basic_ostream<char,_Traits> &,unsigned char)' : could not deduce template argument for 'std::basic_ostream<char,_Traits> &' from 'std::istream'
                 c:\program files (x86)\microsoft visual studio 10.0\vc\include\ostream(958) : see declaration of 'std::operator <<'
     1>e:\c++\cbhw9.2\cbhw9.2\cbhw.cpp(15): error C2784: 'std::basic_ostream<char,_Traits> &std::operator <<(std::basic_ostream<char,_Traits> &,const unsigned char *)' : could not deduce template argument for 'std::basic_ostream<char,_Traits> &' from 'std::istream'
                 c:\program files (x86)\microsoft visual studio 10.0\vc\include\ostream(951) : see declaration of 'std::operator <<'
     1>e:\c++\cbhw9.2\cbhw9.2\cbhw.cpp(15): error C2784: 'std::basic_ostream<char,_Traits> &std::operator <<(std::basic_ostream<char,_Traits> &,const unsigned char *)' : could not deduce template argument for 'std::basic_ostream<char,_Traits> &' from 'std::istream'
                 c:\program files (x86)\microsoft visual studio 10.0\vc\include\ostream(951) : see declaration of 'std::operator <<'
     1>e:\c++\cbhw9.2\cbhw9.2\cbhw.cpp(15): error C2784: 'std::basic_ostream<char,_Traits> &std::operator <<(std::basic_ostream<char,_Traits> &,const unsigned char *)' : could not deduce template argument for 'std::basic_ostream<char,_Traits> &' from 'std::istream'
                 c:\program files (x86)\microsoft visual studio 10.0\vc\include\ostream(951) : see declaration of 'std::operator <<'
     1>e:\c++\cbhw9.2\cbhw9.2\cbhw.cpp(15): error C2784: 'std::basic_ostream<char,_Traits> &std::operator <<(std::basic_ostream<char,_Traits> &,const unsigned char *)' : could not deduce template argument for 'std::basic_ostream<char,_Traits> &' from 'std::istream'
                 c:\program files (x86)\microsoft visual studio 10.0\vc\include\ostream(951) : see declaration of 'std::operator <<'
     1>e:\c++\cbhw9.2\cbhw9.2\cbhw.cpp(15): error C2784: 'std::basic_ostream<char,_Traits> &std::operator <<(std::basic_ostream<char,_Traits> &,signed char)' : could not deduce template argument for 'std::basic_ostream<char,_Traits> &' from 'std::istream'
                 c:\program files (x86)\microsoft visual studio 10.0\vc\include\ostream(944) : see declaration of 'std::operator <<'
     1>e:\c++\cbhw9.2\cbhw9.2\cbhw.cpp(15): error C2784: 'std::basic_ostream<char,_Traits> &std::operator <<(std::basic_ostream<char,_Traits> &,signed char)' : could not deduce template argument for 'std::basic_ostream<char,_Traits> &' from 'std::istream'
                 c:\program files (x86)\microsoft visual studio 10.0\vc\include\ostream(944) : see declaration of 'std::operator <<'
     1>e:\c++\cbhw9.2\cbhw9.2\cbhw.cpp(15): error C2784: 'std::basic_ostream<char,_Traits> &std::operator <<(std::basic_ostream<char,_Traits> &,signed char)' : could not deduce template argument for 'std::basic_ostream<char,_Traits> &' from 'std::istream'
                 c:\program files (x86)\microsoft visual studio 10.0\vc\include\ostream(944) : see declaration of 'std::operator <<'
     1>e:\c++\cbhw9.2\cbhw9.2\cbhw.cpp(15): error C2784: 'std::basic_ostream<char,_Traits> &std::operator <<(std::basic_ostream<char,_Traits> &,signed char)' : could not deduce template argument for 'std::basic_ostream<char,_Traits> &' from 'std::istream'
                 c:\program files (x86)\microsoft visual studio 10.0\vc\include\ostream(944) : see declaration of 'std::operator <<'
     1>e:\c++\cbhw9.2\cbhw9.2\cbhw.cpp(15): error C2784: 'std::basic_ostream<char,_Traits> &std::operator <<(std::basic_ostream<char,_Traits> &,const signed char *)' : could not deduce template argument for 'std::basic_ostream<char,_Traits> &' from 'std::istream'
                 c:\program files (x86)\microsoft visual studio 10.0\vc\include\ostream(937) : see declaration of 'std::operator <<'
     1>e:\c++\cbhw9.2\cbhw9.2\cbhw.cpp(15): error C2784: 'std::basic_ostream<char,_Traits> &std::operator <<(std::basic_ostream<char,_Traits> &,const signed char *)' : could not deduce template argument for 'std::basic_ostream<char,_Traits> &' from 'std::istream'
                 c:\program files (x86)\microsoft visual studio 10.0\vc\include\ostream(937) : see declaration of 'std::operator <<'
     1>e:\c++\cbhw9.2\cbhw9.2\cbhw.cpp(15): error C2784: 'std::basic_ostream<char,_Traits> &std::operator <<(std::basic_ostream<char,_Traits> &,const signed char *)' : could not deduce template argument for 'std::basic_ostream<char,_Traits> &' from 'std::istream'
                 c:\program files (x86)\microsoft visual studio 10.0\vc\include\ostream(937) : see declaration of 'std::operator <<'
     1>e:\c++\cbhw9.2\cbhw9.2\cbhw.cpp(15): error C2784: 'std::basic_ostream<char,_Traits> &std::operator <<(std::basic_ostream<char,_Traits> &,const signed char *)' : could not deduce template argument for 'std::basic_ostream<char,_Traits> &' from 'std::istream'
                 c:\program files (x86)\microsoft visual studio 10.0\vc\include\ostream(937) : see declaration of 'std::operator <<'
     1>e:\c++\cbhw9.2\cbhw9.2\cbhw.cpp(15): error C2784: 'std::basic_ostream<_Elem,_Traits> &std::operator <<(std::basic_ostream<_Elem,_Traits> &,_Elem)' : could not deduce template argument for 'std::basic_ostream<_Elem,_Traits> &' from 'std::istream'
                 c:\program files (x86)\microsoft visual studio 10.0\vc\include\ostream(898) : see declaration of 'std::operator <<'
     1>e:\c++\cbhw9.2\cbhw9.2\cbhw.cpp(15): error C2784: 'std::basic_ostream<_Elem,_Traits> &std::operator <<(std::basic_ostream<_Elem,_Traits> &,_Elem)' : could not deduce template argument for 'std::basic_ostream<_Elem,_Traits> &' from 'std::istream'
                 c:\program files (x86)\microsoft visual studio 10.0\vc\include\ostream(898) : see declaration of 'std::operator <<'
     1>e:\c++\cbhw9.2\cbhw9.2\cbhw.cpp(15): error C2784: 'std::basic_ostream<_Elem,_Traits> &std::operator <<(std::basic_ostream<_Elem,_Traits> &,_Elem)' : could not deduce template argument for 'std::basic_ostream<_Elem,_Traits> &' from 'std::istream'
                 c:\program files (x86)\microsoft visual studio 10.0\vc\include\ostream(898) : see declaration of 'std::operator <<'
     1>e:\c++\cbhw9.2\cbhw9.2\cbhw.cpp(15): error C2784: 'std::basic_ostream<_Elem,_Traits> &std::operator <<(std::basic_ostream<_Elem,_Traits> &,_Elem)' : could not deduce template argument for 'std::basic_ostream<_Elem,_Traits> &' from 'std::istream'
                 c:\program files (x86)\microsoft visual studio 10.0\vc\include\ostream(898) : see declaration of 'std::operator <<'
     1>e:\c++\cbhw9.2\cbhw9.2\cbhw.cpp(15): error C2784: 'std::basic_ostream<_Elem,_Traits> &std::operator <<(std::basic_ostream<_Elem,_Traits> &,const _Elem *)' : could not deduce template argument for 'std::basic_ostream<_Elem,_Traits> &' from 'std::istream'
                 c:\program files (x86)\microsoft visual studio 10.0\vc\include\ostream(851) : see declaration of 'std::operator <<'
     1>e:\c++\cbhw9.2\cbhw9.2\cbhw.cpp(15): error C2784: 'std::basic_ostream<_Elem,_Traits> &std::operator <<(std::basic_ostream<_Elem,_Traits> &,const _Elem *)' : could not deduce template argument for 'std::basic_ostream<_Elem,_Traits> &' from 'std::istream'
                 c:\program files (x86)\microsoft visual studio 10.0\vc\include\ostream(851) : see declaration of 'std::operator <<'
     1>e:\c++\cbhw9.2\cbhw9.2\cbhw.cpp(15): error C2784: 'std::basic_ostream<_Elem,_Traits> &std::operator <<(std::basic_ostream<_Elem,_Traits> &,const _Elem *)' : could not deduce template argument for 'std::basic_ostream<_Elem,_Traits> &' from 'std::istream'
                 c:\program files (x86)\microsoft visual studio 10.0\vc\include\ostream(851) : see declaration of 'std::operator <<'
     1>e:\c++\cbhw9.2\cbhw9.2\cbhw.cpp(15): error C2784: 'std::basic_ostream<_Elem,_Traits> &std::operator <<(std::basic_ostream<_Elem,_Traits> &,const _Elem *)' : could not deduce template argument for 'std::basic_ostream<_Elem,_Traits> &' from 'std::istream'
                 c:\program files (x86)\microsoft visual studio 10.0\vc\include\ostream(851) : see declaration of 'std::operator <<'
     1>e:\c++\cbhw9.2\cbhw9.2\cbhw.cpp(15): error C2784: 'std::basic_ostream<char,_Traits> &std::operator <<(std::basic_ostream<char,_Traits> &,char)' : could not deduce template argument for 'std::basic_ostream<char,_Traits> &' from 'std::istream'
                 c:\program files (x86)\microsoft visual studio 10.0\vc\include\ostream(811) : see declaration of 'std::operator <<'
     1>e:\c++\cbhw9.2\cbhw9.2\cbhw.cpp(15): error C2784: 'std::basic_ostream<char,_Traits> &std::operator <<(std::basic_ostream<char,_Traits> &,char)' : could not deduce template argument for 'std::basic_ostream<char,_Traits> &' from 'std::istream'
                 c:\program files (x86)\microsoft visual studio 10.0\vc\include\ostream(811) : see declaration of 'std::operator <<'
     1>e:\c++\cbhw9.2\cbhw9.2\cbhw.cpp(15): error C2784: 'std::basic_ostream<char,_Traits> &std::operator <<(std::basic_ostream<char,_Traits> &,char)' : could not deduce template argument for 'std::basic_ostream<char,_Traits> &' from 'std::istream'
                 c:\program files (x86)\microsoft visual studio 10.0\vc\include\ostream(811) : see declaration of 'std::operator <<'
     1>e:\c++\cbhw9.2\cbhw9.2\cbhw.cpp(15): error C2784: 'std::basic_ostream<char,_Traits> &std::operator <<(std::basic_ostream<char,_Traits> &,char)' : could not deduce template argument for 'std::basic_ostream<char,_Traits> &' from 'std::istream'
                 c:\program files (x86)\microsoft visual studio 10.0\vc\include\ostream(811) : see declaration of 'std::operator <<'
     1>e:\c++\cbhw9.2\cbhw9.2\cbhw.cpp(15): error C2784: 'std::basic_ostream<char,_Traits> &std::operator <<(std::basic_ostream<char,_Traits> &,const char *)' : could not deduce template argument for 'std::basic_ostream<char,_Traits> &' from 'std::istream'
                 c:\program files (x86)\microsoft visual studio 10.0\vc\include\ostream(764) : see declaration of 'std::operator <<'
     1>e:\c++\cbhw9.2\cbhw9.2\cbhw.cpp(15): error C2784: 'std::basic_ostream<char,_Traits> &std::operator <<(std::basic_ostream<char,_Traits> &,const char *)' : could not deduce template argument for 'std::basic_ostream<char,_Traits> &' from 'std::istream'
                 c:\program files (x86)\microsoft visual studio 10.0\vc\include\ostream(764) : see declaration of 'std::operator <<'
     1>e:\c++\cbhw9.2\cbhw9.2\cbhw.cpp(15): error C2784: 'std::basic_ostream<char,_Traits> &std::operator <<(std::basic_ostream<char,_Traits> &,const char *)' : could not deduce template argument for 'std::basic_ostream<char,_Traits> &' from 'std::istream'
                 c:\program files (x86)\microsoft visual studio 10.0\vc\include\ostream(764) : see declaration of 'std::operator <<'
     1>e:\c++\cbhw9.2\cbhw9.2\cbhw.cpp(15): error C2784: 'std::basic_ostream<char,_Traits> &std::operator <<(std::basic_ostream<char,_Traits> &,const char *)' : could not deduce template argument for 'std::basic_ostream<char,_Traits> &' from 'std::istream'
                 c:\program files (x86)\microsoft visual studio 10.0\vc\include\ostream(764) : see declaration of 'std::operator <<'
     1>e:\c++\cbhw9.2\cbhw9.2\cbhw.cpp(15): error C2784: 'std::basic_ostream<_Elem,_Traits> &std::operator <<(std::basic_ostream<_Elem,_Traits> &,char)' : could not deduce template argument for 'std::basic_ostream<_Elem,_Traits> &' from 'std::istream'
                 c:\program files (x86)\microsoft visual studio 10.0\vc\include\ostream(726) : see declaration of 'std::operator <<'
     1>e:\c++\cbhw9.2\cbhw9.2\cbhw.cpp(15): error C2784: 'std::basic_ostream<_Elem,_Traits> &std::operator <<(std::basic_ostream<_Elem,_Traits> &,char)' : could not deduce template argument for 'std::basic_ostream<_Elem,_Traits> &' from 'std::istream'
                 c:\program files (x86)\microsoft visual studio 10.0\vc\include\ostream(726) : see declaration of 'std::operator <<'
     1>e:\c++\cbhw9.2\cbhw9.2\cbhw.cpp(15): error C2784: 'std::basic_ostream<_Elem,_Traits> &std::operator <<(std::basic_ostream<_Elem,_Traits> &,char)' : could not deduce template argument for 'std::basic_ostream<_Elem,_Traits> &' from 'std::istream'
                 c:\program files (x86)\microsoft visual studio 10.0\vc\include\ostream(726) : see declaration of 'std::operator <<'
     1>e:\c++\cbhw9.2\cbhw9.2\cbhw.cpp(15): error C2784: 'std::basic_ostream<_Elem,_Traits> &std::operator <<(std::basic_ostream<_Elem,_Traits> &,char)' : could not deduce template argument for 'std::basic_ostream<_Elem,_Traits> &' from 'std::istream'
                 c:\program files (x86)\microsoft visual studio 10.0\vc\include\ostream(726) : see declaration of 'std::operator <<'
     1>e:\c++\cbhw9.2\cbhw9.2\cbhw.cpp(15): error C2784: 'std::basic_ostream<_Elem,_Traits> &std::operator <<(std::basic_ostream<_Elem,_Traits> &,const char *)' : could not deduce template argument for 'std::basic_ostream<_Elem,_Traits> &' from 'std::istream'
                 c:\program files (x86)\microsoft visual studio 10.0\vc\include\ostream(679) : see declaration of 'std::operator <<'
     1>e:\c++\cbhw9.2\cbhw9.2\cbhw.cpp(15): error C2784: 'std::basic_ostream<_Elem,_Traits> &std::operator <<(std::basic_ostream<_Elem,_Traits> &,const char *)' : could not deduce template argument for 'std::basic_ostream<_Elem,_Traits> &' from 'std::istream'
                 c:\program files (x86)\microsoft visual studio 10.0\vc\include\ostream(679) : see declaration of 'std::operator <<'
     1>e:\c++\cbhw9.2\cbhw9.2\cbhw.cpp(15): error C2784: 'std::basic_ostream<_Elem,_Traits> &std::operator <<(std::basic_ostream<_Elem,_Traits> &,const char *)' : could not deduce template argument for 'std::basic_ostream<_Elem,_Traits> &' from 'std::istream'
                 c:\program files (x86)\microsoft visual studio 10.0\vc\include\ostream(679) : see declaration of 'std::operator <<'
     1>e:\c++\cbhw9.2\cbhw9.2\cbhw.cpp(15): error C2784: 'std::basic_ostream<_Elem,_Traits> &std::operator <<(std::basic_ostream<_Elem,_Traits> &,const char *)' : could not deduce template argument for 'std::basic_ostream<_Elem,_Traits> &' from 'std::istream'
                 c:\program files (x86)\microsoft visual studio 10.0\vc\include\ostream(679) : see declaration of 'std::operator <<'
     1>e:\c++\cbhw9.2\cbhw9.2\cbhw.cpp(15): error C2676: binary '<<' : 'std::istream' does not define this operator or a conversion to a type acceptable to the predefined operator
     1>e:\c++\cbhw9.2\cbhw9.2\cbhw.cpp(18): error C2146: syntax error : missing ';' before identifier 'cout'
     1>e:\c++\cbhw9.2\cbhw9.2\cbhw.cpp(38): fatal error C1075: end of file found before the left brace '{' at 'e:\c++\cbhw9.2\cbhw9.2\cbhw.cpp(8)' was matched
     1>Done Building Project "E:\C++\cbhw9.2\cbhw9.2\cbhw9.2.vcxproj" (build target(s)) -- FAILED.

Build FAILED.

Time Elapsed 00:00:03.00
