Build started 4/18/2016 12:14:34 PM.
     1>Project "E:\C++\cbhomework18\cbhomework18\cbhomework18.vcxproj" on node 2 (build target(s)).
     1>PrepareForBuild:
         Creating directory "E:\C++\cbhomework18\Debug\".
       InitializeBuildStatus:
         Creating "Debug\cbhomework18.unsuccessfulbuild" because "AlwaysCreate" was specified.
       ClCompile:
         C:\Program Files (x86)\Microsoft Visual Studio 10.0\VC\bin\CL.exe /c /ZI /nologo /W3 /WX- /Od /Oy- /D _MBCS /Gm /EHsc /RTC1 /MDd /GS /fp:precise /Zc:wchar_t /Zc:forScope /Fo"Debug\\" /Fd"Debug\vc100.pdb" /Gd /TP /analyze- /errorReport:prompt "homework18-1.cpp"
         homework18-1.cpp
       Link:
         C:\Program Files (x86)\Microsoft Visual Studio 10.0\VC\bin\link.exe /ERRORREPORT:PROMPT /OUT:"E:\C++\cbhomework18\Debug\cbhomework18.exe" /NOLOGO kernel32.lib user32.lib gdi32.lib winspool.lib comdlg32.lib advapi32.lib shell32.lib ole32.lib oleaut32.lib uuid.lib odbc32.lib odbccp32.lib /MANIFEST /ManifestFile:"Debug\cbhomework18.exe.intermediate.manifest" /MANIFESTUAC:"level='asInvoker' uiAccess='false'" /DEBUG /PDB:"E:\C++\cbhomework18\Debug\cbhomework18.pdb" /TLBID:1 /DYNAMICBASE /NXCOMPAT /IMPLIB:"E:\C++\cbhomework18\Debug\cbhomework18.lib" /MACHINE:X86 "Debug\homework18-1.obj"
         cbhomework18.vcxproj -> E:\C++\cbhomework18\Debug\cbhomework18.exe
       Manifest:
         C:\Program Files (x86)\Microsoft SDKs\Windows\v7.0A\bin\mt.exe /nologo /verbose /outputresource:"E:\C++\cbhomework18\Debug\cbhomework18.exe;#1" /manifest Debug\cbhomework18.exe.intermediate.manifest
       FinalizeBuildStatus:
         Deleting file "Debug\cbhomework18.unsuccessfulbuild".
         Touching "Debug\cbhomework18.lastbuildstate".
     1>Done Building Project "E:\C++\cbhomework18\cbhomework18\cbhomework18.vcxproj" (build target(s)).

Build succeeded.

Time Elapsed 00:00:14.72
