Build started 3/3/2016 1:44:52 PM.
     1>Project "E:\C++\cbhw12\cbhw12\cbhw12.vcxproj" on node 2 (build target(s)).
     1>PrepareForBuild:
         Creating directory "E:\C++\cbhw12\Release\".
       InitializeBuildStatus:
         Creating "Release\cbhw12.unsuccessfulbuild" because "AlwaysCreate" was specified.
       ClCompile:
         C:\Program Files (x86)\Microsoft Visual Studio 10.0\VC\bin\CL.exe /c /Zi /nologo /W3 /WX- /O2 /Oi /Oy- /GL /D _MBCS /Gm- /EHsc /MD /GS /Gy /fp:precise /Zc:wchar_t /Zc:forScope /Fo"Release\\" /Fd"Release\vc100.pdb" /Gd /TP /analyze- /errorReport:prompt cbhw12.cpp
         cbhw12.cpp
       Link:
         C:\Program Files (x86)\Microsoft Visual Studio 10.0\VC\bin\link.exe /ERRORREPORT:PROMPT /OUT:"E:\C++\cbhw12\Release\cbhw12.exe" /NOLOGO kernel32.lib user32.lib gdi32.lib winspool.lib comdlg32.lib advapi32.lib shell32.lib ole32.lib oleaut32.lib uuid.lib odbc32.lib odbccp32.lib /MANIFEST /ManifestFile:"Release\cbhw12.exe.intermediate.manifest" /MANIFESTUAC:"level='asInvoker' uiAccess='false'" /DEBUG /PDB:"E:\C++\cbhw12\Release\cbhw12.pdb" /OPT:REF /OPT:ICF /LTCG /TLBID:1 /DYNAMICBASE /NXCOMPAT /IMPLIB:"E:\C++\cbhw12\Release\cbhw12.lib" /MACHINE:X86 Release\cbhw12.obj
         Generating code
         Finished generating code
         cbhw12.vcxproj -> E:\C++\cbhw12\Release\cbhw12.exe
       Manifest:
         C:\Program Files (x86)\Microsoft SDKs\Windows\v7.0A\bin\mt.exe /nologo /verbose /outputresource:"E:\C++\cbhw12\Release\cbhw12.exe;#1" /manifest Release\cbhw12.exe.intermediate.manifest
       FinalizeBuildStatus:
         Deleting file "Release\cbhw12.unsuccessfulbuild".
         Touching "Release\cbhw12.lastbuildstate".
     1>Done Building Project "E:\C++\cbhw12\cbhw12\cbhw12.vcxproj" (build target(s)).

Build succeeded.

Time Elapsed 00:00:08.40
